I 2021/12/07 18:26:33 working.go:95: 
      ___                                   ___           ___           ___
     /  /\        ___           ___        /__/\         /  /\         /__/\
    /  /:/_      /  /\         /__/|       \  \:\       /  /::\        \  \:\
   /  /:/ /\    /  /:/        |  |:|        \  \:\     /  /:/\:\        \  \:\
  /  /:/ /::\  /__/::\        |  |:|    ___  \  \:\   /  /:/~/::\   _____\__\:\
 /__/:/ /:/\:\ \__\/\:\__   __|__|:|   /__/\  \__\:\ /__/:/ /:/\:\ /__/::::::::\
 \  \:\/:/~/:/    \  \:\/\ /__/::::\   \  \:\ /  /:/ \  \:\/:/__\/ \  \:\~~\~~\/
  \  \::/ /:/      \__\::/    ~\~~\:\   \  \:\  /:/   \  \::/       \  \:\  ~~~
   \__\/ /:/       /__/:/       \  \:\   \  \:\/:/     \  \:\        \  \:\
     /__/:/        \__\/         \__\/    \  \::/       \  \:\        \  \:\
     \__\/                                 \__\/         \__\/         \__\/
I 2021/12/07 18:26:35 runtime.go:57: kernel is booting:
    * ver [1.5.4]
    * arch [amd64]
    * runtime mode [prod]
    * working directory [D:\Users\Caltr\AppData\Local\Programs\SiYuan\resources]
    * read only [false]
    * container [std]
    * database [ver=20211124]
    * workspace directory [D:\Users\Caltr\Documents\SiYuan, data 20 kB]
    * rsync [version 3.2.4dev  protocol version 31]
    * pandoc [pandoc.exe 2.13]
D 2021/12/07 18:26:35 conf.go:110: check device locale failed [detect via registry: The system cannot find the file specified.], using default language [en_US]
I 2021/12/07 18:26:36 conf.go:257: local serve path [http://192.168.200.101:6806]
I 2021/12/07 18:26:36 serve.go:68: kernel is booting [http://127.0.0.1:6806]
I 2021/12/07 18:26:36 database.go:140: initialized database tables
I 2021/12/07 18:26:36 database.go:94: reinitialized database [D:\Users\Caltr\Documents\SiYuan\temp\siyuan.db]
I 2021/12/07 18:26:36 conf.go:507: pre-init database size [66 kB]
I 2021/12/07 18:26:36 conf.go:523: post-init database size [66 kB], tree stat [count=0, size=0 B]
I 2021/12/07 18:26:37 working.go:113: kernel booted
I 2021/12/07 18:26:55 index.go:416: rebuilt database for notebook [20210808180117-czj9bvb] in [0.10s], tree stat [count=46, size=886 kB]
I 2021/12/07 18:31:49 index.go:416: rebuilt database for notebook [20211207183149-m2c1waq] in [0.00s], tree stat [count=0, size=0 B]
I 2021/12/07 18:41:27 index.go:416: rebuilt database for notebook [20211207184127-dg0lwpv] in [0.00s], tree stat [count=0, size=0 B]
I 2021/12/07 22:17:23 conf.go:359: exited kernel
I 2021/12/08 21:21:11 working.go:95: 
      ___                                   ___           ___           ___
     /  /\        ___           ___        /__/\         /  /\         /__/\
    /  /:/_      /  /\         /__/|       \  \:\       /  /::\        \  \:\
   /  /:/ /\    /  /:/        |  |:|        \  \:\     /  /:/\:\        \  \:\
  /  /:/ /::\  /__/::\        |  |:|    ___  \  \:\   /  /:/~/::\   _____\__\:\
 /__/:/ /:/\:\ \__\/\:\__   __|__|:|   /__/\  \__\:\ /__/:/ /:/\:\ /__/::::::::\
 \  \:\/:/~/:/    \  \:\/\ /__/::::\   \  \:\ /  /:/ \  \:\/:/__\/ \  \:\~~\~~\/
  \  \::/ /:/      \__\::/    ~\~~\:\   \  \:\  /:/   \  \::/       \  \:\  ~~~
   \__\/ /:/       /__/:/       \  \:\   \  \:\/:/     \  \:\        \  \:\
     /__/:/        \__\/         \__\/    \  \::/       \  \:\        \  \:\
     \__\/                                 \__\/         \__\/         \__\/
I 2021/12/08 21:21:14 runtime.go:57: kernel is booting:
    * ver [1.5.4]
    * arch [amd64]
    * runtime mode [prod]
    * working directory [D:\Users\Caltr\AppData\Local\Programs\SiYuan\resources]
    * read only [false]
    * container [std]
    * database [ver=20211124]
    * workspace directory [D:\Users\Caltr\Documents\SiYuan, data 6.7 MB]
    * rsync [version 3.2.4dev  protocol version 31]
    * pandoc [pandoc.exe 2.13]
I 2021/12/08 21:21:14 conf.go:257: local serve path [http://192.168.200.101:6806]
I 2021/12/08 21:21:14 serve.go:68: kernel is booting [http://127.0.0.1:6806]
I 2021/12/08 21:21:14 conf.go:507: pre-init database size [918 kB]
I 2021/12/08 21:21:14 index.go:136: use existing database for box [20210808180117-czj9bvb]
I 2021/12/08 21:21:14 index.go:136: use existing database for box [20211207183149-m2c1waq]
I 2021/12/08 21:21:14 index.go:136: use existing database for box [20211207184127-dg0lwpv]
I 2021/12/08 21:21:14 conf.go:523: post-init database size [918 kB], tree stat [count=55, size=900 kB]
I 2021/12/08 21:21:15 working.go:113: kernel booted
I 2021/12/08 22:12:15 conf.go:359: exited kernel
I 2021/12/16 20:40:13 working.go:95: 
      ___                                   ___           ___           ___
     /  /\        ___           ___        /__/\         /  /\         /__/\
    /  /:/_      /  /\         /__/|       \  \:\       /  /::\        \  \:\
   /  /:/ /\    /  /:/        |  |:|        \  \:\     /  /:/\:\        \  \:\
  /  /:/ /::\  /__/::\        |  |:|    ___  \  \:\   /  /:/~/::\   _____\__\:\
 /__/:/ /:/\:\ \__\/\:\__   __|__|:|   /__/\  \__\:\ /__/:/ /:/\:\ /__/::::::::\
 \  \:\/:/~/:/    \  \:\/\ /__/::::\   \  \:\ /  /:/ \  \:\/:/__\/ \  \:\~~\~~\/
  \  \::/ /:/      \__\::/    ~\~~\:\   \  \:\  /:/   \  \::/       \  \:\  ~~~
   \__\/ /:/       /__/:/       \  \:\   \  \:\/:/     \  \:\        \  \:\
     /__/:/        \__\/         \__\/    \  \::/       \  \:\        \  \:\
     \__\/                                 \__\/         \__\/         \__\/
I 2021/12/16 20:40:14 runtime.go:57: kernel is booting:
    * ver [1.5.4]
    * arch [amd64]
    * runtime mode [prod]
    * working directory [D:\Users\Caltr\AppData\Local\Programs\SiYuan\resources]
    * read only [false]
    * container [std]
    * database [ver=20211124]
    * workspace directory [D:\Users\Caltr\Documents\SiYuan, data 6.7 MB]
    * rsync [version 3.2.4dev  protocol version 31]
    * pandoc [pandoc.exe 2.13]
I 2021/12/16 20:40:14 conf.go:257: local serve path [http://192.168.200.101:6806]
I 2021/12/16 20:40:14 serve.go:68: kernel is booting [http://127.0.0.1:6806]
I 2021/12/16 20:40:15 conf.go:507: pre-init database size [942 kB]
I 2021/12/16 20:40:15 index.go:136: use existing database for box [20210808180117-czj9bvb]
I 2021/12/16 20:40:15 index.go:136: use existing database for box [20211207183149-m2c1waq]
I 2021/12/16 20:40:15 index.go:136: use existing database for box [20211207184127-dg0lwpv]
I 2021/12/16 20:40:15 conf.go:523: post-init database size [942 kB], tree stat [count=58, size=909 kB]
I 2021/12/16 20:40:16 working.go:113: kernel booted
I 2021/12/16 22:06:41 conf.go:359: exited kernel
I 2021/12/18 21:36:36 working.go:95: 
      ___                                   ___           ___           ___
     /  /\        ___           ___        /__/\         /  /\         /__/\
    /  /:/_      /  /\         /__/|       \  \:\       /  /::\        \  \:\
   /  /:/ /\    /  /:/        |  |:|        \  \:\     /  /:/\:\        \  \:\
  /  /:/ /::\  /__/::\        |  |:|    ___  \  \:\   /  /:/~/::\   _____\__\:\
 /__/:/ /:/\:\ \__\/\:\__   __|__|:|   /__/\  \__\:\ /__/:/ /:/\:\ /__/::::::::\
 \  \:\/:/~/:/    \  \:\/\ /__/::::\   \  \:\ /  /:/ \  \:\/:/__\/ \  \:\~~\~~\/
  \  \::/ /:/      \__\::/    ~\~~\:\   \  \:\  /:/   \  \::/       \  \:\  ~~~
   \__\/ /:/       /__/:/       \  \:\   \  \:\/:/     \  \:\        \  \:\
     /__/:/        \__\/         \__\/    \  \::/       \  \:\        \  \:\
     \__\/                                 \__\/         \__\/         \__\/
I 2021/12/18 21:36:37 runtime.go:57: kernel is booting:
    * ver [1.5.4]
    * arch [amd64]
    * runtime mode [prod]
    * working directory [D:\Users\Caltr\AppData\Local\Programs\SiYuan\resources]
    * read only [false]
    * container [std]
    * database [ver=20211124]
    * workspace directory [D:\Users\Caltr\Documents\SiYuan, data 6.8 MB]
    * rsync [version 3.2.4dev  protocol version 31]
    * pandoc [pandoc.exe 2.13]
I 2021/12/18 21:36:37 conf.go:257: local serve path [http://192.168.200.101:6806]
I 2021/12/18 21:36:37 serve.go:68: kernel is booting [http://127.0.0.1:6806]
I 2021/12/18 21:36:38 conf.go:507: pre-init database size [950 kB]
I 2021/12/18 21:36:38 index.go:136: use existing database for box [20210808180117-czj9bvb]
I 2021/12/18 21:36:38 index.go:136: use existing database for box [20211207183149-m2c1waq]
I 2021/12/18 21:36:38 index.go:136: use existing database for box [20211207184127-dg0lwpv]
I 2021/12/18 21:36:38 conf.go:523: post-init database size [950 kB], tree stat [count=61, size=914 kB]
I 2021/12/18 21:36:39 working.go:113: kernel booted
E 2021/12/18 21:43:01 block_query.go:491: query scan field failed: sql: Rows are closed
E 2021/12/18 21:44:11 block_query.go:491: query scan field failed: sql: Rows are closed
I 2021/12/18 21:54:31 conf.go:359: exited kernel
I 2021/12/19 18:52:35 working.go:95: 
      ___                                   ___           ___           ___
     /  /\        ___           ___        /__/\         /  /\         /__/\
    /  /:/_      /  /\         /__/|       \  \:\       /  /::\        \  \:\
   /  /:/ /\    /  /:/        |  |:|        \  \:\     /  /:/\:\        \  \:\
  /  /:/ /::\  /__/::\        |  |:|    ___  \  \:\   /  /:/~/::\   _____\__\:\
 /__/:/ /:/\:\ \__\/\:\__   __|__|:|   /__/\  \__\:\ /__/:/ /:/\:\ /__/::::::::\
 \  \:\/:/~/:/    \  \:\/\ /__/::::\   \  \:\ /  /:/ \  \:\/:/__\/ \  \:\~~\~~\/
  \  \::/ /:/      \__\::/    ~\~~\:\   \  \:\  /:/   \  \::/       \  \:\  ~~~
   \__\/ /:/       /__/:/       \  \:\   \  \:\/:/     \  \:\        \  \:\
     /__/:/        \__\/         \__\/    \  \::/       \  \:\        \  \:\
     \__\/                                 \__\/         \__\/         \__\/
I 2021/12/19 18:52:39 runtime.go:57: kernel is booting:
    * ver [1.5.4]
    * arch [amd64]
    * runtime mode [prod]
    * working directory [D:\Users\Caltr\AppData\Local\Programs\SiYuan\resources]
    * read only [false]
    * container [std]
    * database [ver=20211124]
    * workspace directory [D:\Users\Caltr\Documents\SiYuan, data 6.8 MB]
    * rsync [version 3.2.4dev  protocol version 31]
    * pandoc [pandoc.exe 2.13]
I 2021/12/19 18:52:40 conf.go:257: local serve path [http://192.168.200.101:6806]
I 2021/12/19 18:52:40 serve.go:68: kernel is booting [http://127.0.0.1:6806]
I 2021/12/19 18:52:41 conf.go:507: pre-init database size [958 kB]
I 2021/12/19 18:52:42 index.go:136: use existing database for box [20210808180117-czj9bvb]
I 2021/12/19 18:52:42 index.go:136: use existing database for box [20211207183149-m2c1waq]
I 2021/12/19 18:52:42 index.go:136: use existing database for box [20211207184127-dg0lwpv]
I 2021/12/19 18:52:42 conf.go:523: post-init database size [958 kB], tree stat [count=63, size=921 kB]
I 2021/12/19 18:52:43 working.go:113: kernel booted
I 2021/12/28 19:25:09 working.go:95: 
      ___                                   ___           ___           ___
     /  /\        ___           ___        /__/\         /  /\         /__/\
    /  /:/_      /  /\         /__/|       \  \:\       /  /::\        \  \:\
   /  /:/ /\    /  /:/        |  |:|        \  \:\     /  /:/\:\        \  \:\
  /  /:/ /::\  /__/::\        |  |:|    ___  \  \:\   /  /:/~/::\   _____\__\:\
 /__/:/ /:/\:\ \__\/\:\__   __|__|:|   /__/\  \__\:\ /__/:/ /:/\:\ /__/::::::::\
 \  \:\/:/~/:/    \  \:\/\ /__/::::\   \  \:\ /  /:/ \  \:\/:/__\/ \  \:\~~\~~\/
  \  \::/ /:/      \__\::/    ~\~~\:\   \  \:\  /:/   \  \::/       \  \:\  ~~~
   \__\/ /:/       /__/:/       \  \:\   \  \:\/:/     \  \:\        \  \:\
     /__/:/        \__\/         \__\/    \  \::/       \  \:\        \  \:\
     \__\/                                 \__\/         \__\/         \__\/
I 2021/12/28 19:25:10 runtime.go:57: kernel is booting:
    * ver [1.5.4]
    * arch [amd64]
    * runtime mode [prod]
    * working directory [D:\Users\Caltr\AppData\Local\Programs\SiYuan\resources]
    * read only [false]
    * container [std]
    * database [ver=20211124]
    * workspace directory [D:\Users\Caltr\Documents\SiYuan, data 6.8 MB]
    * rsync [D:\Users\Caltr\Documents\SiYuan\temp\rsync\bin\rsync.exe]
    * pandoc [pandoc.exe 2.13]
I 2021/12/28 19:25:10 conf.go:257: local serve path [http://192.168.31.57:6806]
I 2021/12/28 19:25:10 serve.go:68: kernel is booting [http://127.0.0.1:6806]
I 2021/12/28 19:25:11 conf.go:507: pre-init database size [958 kB]
I 2021/12/28 19:25:12 index.go:136: use existing database for box [20210808180117-czj9bvb]
I 2021/12/28 19:25:12 index.go:136: use existing database for box [20211207183149-m2c1waq]
I 2021/12/28 19:25:12 index.go:136: use existing database for box [20211207184127-dg0lwpv]
I 2021/12/28 19:25:12 conf.go:523: post-init database size [958 kB], tree stat [count=63, size=921 kB]
I 2021/12/28 19:25:13 working.go:113: kernel booted
I 2021/12/28 20:28:07 conf.go:359: exited kernel
I 2021/12/28 20:32:36 working.go:95: 
      ___                                   ___           ___           ___
     /  /\        ___           ___        /__/\         /  /\         /__/\
    /  /:/_      /  /\         /__/|       \  \:\       /  /::\        \  \:\
   /  /:/ /\    /  /:/        |  |:|        \  \:\     /  /:/\:\        \  \:\
  /  /:/ /::\  /__/::\        |  |:|    ___  \  \:\   /  /:/~/::\   _____\__\:\
 /__/:/ /:/\:\ \__\/\:\__   __|__|:|   /__/\  \__\:\ /__/:/ /:/\:\ /__/::::::::\
 \  \:\/:/~/:/    \  \:\/\ /__/::::\   \  \:\ /  /:/ \  \:\/:/__\/ \  \:\~~\~~\/
  \  \::/ /:/      \__\::/    ~\~~\:\   \  \:\  /:/   \  \::/       \  \:\  ~~~
   \__\/ /:/       /__/:/       \  \:\   \  \:\/:/     \  \:\        \  \:\
     /__/:/        \__\/         \__\/    \  \::/       \  \:\        \  \:\
     \__\/                                 \__\/         \__\/         \__\/
I 2021/12/28 20:32:36 runtime.go:57: kernel is booting:
    * ver [1.5.4]
    * arch [amd64]
    * runtime mode [prod]
    * working directory [D:\Users\Caltr\AppData\Local\Programs\SiYuan\resources]
    * read only [false]
    * container [std]
    * database [ver=20211124]
    * workspace directory [D:\Users\Caltr\Documents\SiYuan, data 6.8 MB]
    * rsync [D:\Users\Caltr\Documents\SiYuan\temp\rsync\bin\rsync.exe]
    * pandoc [pandoc.exe 2.13]
I 2021/12/28 20:32:37 conf.go:257: local serve path [http://192.168.31.57:6806]
I 2021/12/28 20:32:37 serve.go:68: kernel is booting [http://127.0.0.1:6806]
I 2021/12/28 20:32:37 conf.go:507: pre-init database size [967 kB]
I 2021/12/28 20:32:38 index.go:136: use existing database for box [20210808180117-czj9bvb]
I 2021/12/28 20:32:38 index.go:136: use existing database for box [20211207183149-m2c1waq]
I 2021/12/28 20:32:38 index.go:136: use existing database for box [20211207184127-dg0lwpv]
I 2021/12/28 20:32:38 conf.go:523: post-init database size [967 kB], tree stat [count=66, size=927 kB]
I 2021/12/28 20:32:39 working.go:113: kernel booted
I 2021/12/28 20:37:03 conf.go:359: exited kernel
I 2022/04/23 10:43:00 working.go:95: 
      ___                                   ___           ___           ___
     /  /\        ___           ___        /__/\         /  /\         /__/\
    /  /:/_      /  /\         /__/|       \  \:\       /  /::\        \  \:\
   /  /:/ /\    /  /:/        |  |:|        \  \:\     /  /:/\:\        \  \:\
  /  /:/ /::\  /__/::\        |  |:|    ___  \  \:\   /  /:/~/::\   _____\__\:\
 /__/:/ /:/\:\ \__\/\:\__   __|__|:|   /__/\  \__\:\ /__/:/ /:/\:\ /__/::::::::\
 \  \:\/:/~/:/    \  \:\/\ /__/::::\   \  \:\ /  /:/ \  \:\/:/__\/ \  \:\~~\~~\/
  \  \::/ /:/      \__\::/    ~\~~\:\   \  \:\  /:/   \  \::/       \  \:\  ~~~
   \__\/ /:/       /__/:/       \  \:\   \  \:\/:/     \  \:\        \  \:\
     /__/:/        \__\/         \__\/    \  \::/       \  \:\        \  \:\
     \__\/                                 \__\/         \__\/         \__\/
I 2022/04/23 10:43:00 runtime.go:57: kernel is booting:
    * ver [1.5.4]
    * arch [amd64]
    * runtime mode [prod]
    * working directory [D:\Users\Caltr\AppData\Local\Programs\SiYuan\resources]
    * read only [false]
    * container [std]
    * database [ver=20211124]
    * workspace directory [D:\Users\Caltr\Documents\SiYuan, data 6.8 MB]
    * rsync [D:\Users\Caltr\Documents\SiYuan\temp\rsync\bin\rsync.exe]
    * pandoc [pandoc.exe 2.13]
I 2022/04/23 10:43:01 conf.go:257: local serve path [http://192.168.31.201:6806]
I 2022/04/23 10:43:01 serve.go:68: kernel is booting [http://127.0.0.1:6806]
I 2022/04/23 10:43:02 conf.go:507: pre-init database size [967 kB]
I 2022/04/23 10:43:02 index.go:136: use existing database for box [20210808180117-czj9bvb]
I 2022/04/23 10:43:02 index.go:136: use existing database for box [20211207183149-m2c1waq]
I 2022/04/23 10:43:03 index.go:136: use existing database for box [20211207184127-dg0lwpv]
I 2022/04/23 10:43:03 conf.go:523: post-init database size [967 kB], tree stat [count=66, size=927 kB]
I 2022/04/23 10:43:04 working.go:113: kernel booted
E 2022/04/23 10:43:24 rhy.go:42: get version meta info failed: [Get "https://rhythm.b3log.org/version/siyuan?ver=1.5.4": context deadline exceeded (Client.Timeout exceeded while awaiting headers)]
I 2022/04/23 12:37:00 conf.go:359: exited kernel
I 2022/04/23 12:39:48 working.go:95: 
      ___                                   ___           ___           ___
     /  /\        ___           ___        /__/\         /  /\         /__/\
    /  /:/_      /  /\         /__/|       \  \:\       /  /::\        \  \:\
   /  /:/ /\    /  /:/        |  |:|        \  \:\     /  /:/\:\        \  \:\
  /  /:/ /::\  /__/::\        |  |:|    ___  \  \:\   /  /:/~/::\   _____\__\:\
 /__/:/ /:/\:\ \__\/\:\__   __|__|:|   /__/\  \__\:\ /__/:/ /:/\:\ /__/::::::::\
 \  \:\/:/~/:/    \  \:\/\ /__/::::\   \  \:\ /  /:/ \  \:\/:/__\/ \  \:\~~\~~\/
  \  \::/ /:/      \__\::/    ~\~~\:\   \  \:\  /:/   \  \::/       \  \:\  ~~~
   \__\/ /:/       /__/:/       \  \:\   \  \:\/:/     \  \:\        \  \:\
     /__/:/        \__\/         \__\/    \  \::/       \  \:\        \  \:\
     \__\/                                 \__\/         \__\/         \__\/
I 2022/04/23 12:39:49 runtime.go:57: kernel is booting:
    * ver [1.5.4]
    * arch [amd64]
    * runtime mode [prod]
    * working directory [D:\Users\Caltr\AppData\Local\Programs\SiYuan\resources]
    * read only [false]
    * container [std]
    * database [ver=20211124]
    * workspace directory [D:\Users\Caltr\Documents\SiYuan, data 3.2 MB]
    * rsync [version 3.2.4dev  protocol version 31]
    * pandoc [pandoc.exe 2.13]
I 2022/04/23 12:39:49 conf.go:257: local serve path [http://192.168.31.201:6806]
I 2022/04/23 12:39:49 serve.go:68: kernel is booting [http://127.0.0.1:6806]
I 2022/04/23 12:39:49 conf.go:507: pre-init database size [1.0 MB]
I 2022/04/23 12:39:49 index.go:136: use existing database for box [20210808180117-czj9bvb]
I 2022/04/23 12:39:49 index.go:136: use existing database for box [20211207183149-m2c1waq]
I 2022/04/23 12:39:49 index.go:136: use existing database for box [20211207184127-dg0lwpv]
I 2022/04/23 12:39:49 conf.go:523: post-init database size [1.0 MB], tree stat [count=68, size=964 kB]
I 2022/04/23 12:39:50 working.go:113: kernel booted
I 2022/04/23 12:58:52 conf.go:359: exited kernel
I 2022/04/25 20:38:07 working.go:95: 
      ___                                   ___           ___           ___
     /  /\        ___           ___        /__/\         /  /\         /__/\
    /  /:/_      /  /\         /__/|       \  \:\       /  /::\        \  \:\
   /  /:/ /\    /  /:/        |  |:|        \  \:\     /  /:/\:\        \  \:\
  /  /:/ /::\  /__/::\        |  |:|    ___  \  \:\   /  /:/~/::\   _____\__\:\
 /__/:/ /:/\:\ \__\/\:\__   __|__|:|   /__/\  \__\:\ /__/:/ /:/\:\ /__/::::::::\
 \  \:\/:/~/:/    \  \:\/\ /__/::::\   \  \:\ /  /:/ \  \:\/:/__\/ \  \:\~~\~~\/
  \  \::/ /:/      \__\::/    ~\~~\:\   \  \:\  /:/   \  \::/       \  \:\  ~~~
   \__\/ /:/       /__/:/       \  \:\   \  \:\/:/     \  \:\        \  \:\
     /__/:/        \__\/         \__\/    \  \::/       \  \:\        \  \:\
     \__\/                                 \__\/         \__\/         \__\/
I 2022/04/25 20:38:08 runtime.go:57: kernel is booting:
    * ver [1.5.4]
    * arch [amd64]
    * runtime mode [prod]
    * working directory [D:\Users\Caltr\AppData\Local\Programs\SiYuan\resources]
    * read only [false]
    * container [std]
    * database [ver=20211124]
    * workspace directory [D:\Users\Caltr\Documents\SiYuan, data 3.3 MB]
    * rsync [version 3.2.4dev  protocol version 31]
    * pandoc [pandoc.exe 2.13]
I 2022/04/25 20:38:08 conf.go:257: local serve path [http://192.168.31.201:6806]
I 2022/04/25 20:38:08 serve.go:68: kernel is booting [http://127.0.0.1:6806]
I 2022/04/25 20:38:10 conf.go:507: pre-init database size [1.0 MB]
I 2022/04/25 20:38:11 index.go:136: use existing database for box [20210808180117-czj9bvb]
I 2022/04/25 20:38:11 index.go:136: use existing database for box [20211207183149-m2c1waq]
I 2022/04/25 20:38:11 index.go:136: use existing database for box [20211207184127-dg0lwpv]
I 2022/04/25 20:38:11 conf.go:523: post-init database size [1.0 MB], tree stat [count=69, size=1.0 MB]
I 2022/04/25 20:38:12 working.go:113: kernel booted
I 2022/04/25 20:54:10 index.go:416: rebuilt database for notebook [20210808180117-czj9bvb] in [0.26s], tree stat [count=46, size=886 kB]
I 2022/04/25 21:09:41 conf.go:359: exited kernel
I 2022/04/25 21:19:38 working.go:95: 
      ___                                   ___           ___           ___
     /  /\        ___           ___        /__/\         /  /\         /__/\
    /  /:/_      /  /\         /__/|       \  \:\       /  /::\        \  \:\
   /  /:/ /\    /  /:/        |  |:|        \  \:\     /  /:/\:\        \  \:\
  /  /:/ /::\  /__/::\        |  |:|    ___  \  \:\   /  /:/~/::\   _____\__\:\
 /__/:/ /:/\:\ \__\/\:\__   __|__|:|   /__/\  \__\:\ /__/:/ /:/\:\ /__/::::::::\
 \  \:\/:/~/:/    \  \:\/\ /__/::::\   \  \:\ /  /:/ \  \:\/:/__\/ \  \:\~~\~~\/
  \  \::/ /:/      \__\::/    ~\~~\:\   \  \:\  /:/   \  \::/       \  \:\  ~~~
   \__\/ /:/       /__/:/       \  \:\   \  \:\/:/     \  \:\        \  \:\
     /__/:/        \__\/         \__\/    \  \::/       \  \:\        \  \:\
     \__\/                                 \__\/         \__\/         \__\/
I 2022/04/25 21:19:39 runtime.go:57: kernel is booting:
    * ver [1.5.4]
    * arch [amd64]
    * runtime mode [prod]
    * working directory [D:\Users\Caltr\AppData\Local\Programs\SiYuan\resources]
    * read only [false]
    * container [std]
    * database [ver=20211124]
    * workspace directory [D:\Users\Caltr\Documents\SiYuan, data 6.5 MB]
    * rsync [version 3.2.4dev  protocol version 31]
    * pandoc [pandoc.exe 2.13]
I 2022/04/25 21:19:39 conf.go:257: local serve path [http://192.168.31.201:6806]
I 2022/04/25 21:19:39 serve.go:68: kernel is booting [http://127.0.0.1:6806]
I 2022/04/25 21:19:39 conf.go:507: pre-init database size [1.0 MB]
I 2022/04/25 21:19:39 index.go:136: use existing database for box [20210808180117-czj9bvb]
I 2022/04/25 21:19:39 index.go:136: use existing database for box [20211207183149-m2c1waq]
I 2022/04/25 21:19:39 index.go:136: use existing database for box [20211207184127-dg0lwpv]
I 2022/04/25 21:19:39 conf.go:523: post-init database size [1.0 MB], tree stat [count=70, size=1.0 MB]
I 2022/04/25 21:19:40 working.go:113: kernel booted
I 2022/04/26 21:55:41 working.go:95: 
      ___                                   ___           ___           ___
     /  /\        ___           ___        /__/\         /  /\         /__/\
    /  /:/_      /  /\         /__/|       \  \:\       /  /::\        \  \:\
   /  /:/ /\    /  /:/        |  |:|        \  \:\     /  /:/\:\        \  \:\
  /  /:/ /::\  /__/::\        |  |:|    ___  \  \:\   /  /:/~/::\   _____\__\:\
 /__/:/ /:/\:\ \__\/\:\__   __|__|:|   /__/\  \__\:\ /__/:/ /:/\:\ /__/::::::::\
 \  \:\/:/~/:/    \  \:\/\ /__/::::\   \  \:\ /  /:/ \  \:\/:/__\/ \  \:\~~\~~\/
  \  \::/ /:/      \__\::/    ~\~~\:\   \  \:\  /:/   \  \::/       \  \:\  ~~~
   \__\/ /:/       /__/:/       \  \:\   \  \:\/:/     \  \:\        \  \:\
     /__/:/        \__\/         \__\/    \  \::/       \  \:\        \  \:\
     \__\/                                 \__\/         \__\/         \__\/
I 2022/04/26 21:55:41 runtime.go:57: kernel is booting:
    * ver [1.5.4]
    * arch [amd64]
    * runtime mode [prod]
    * working directory [D:\Users\Caltr\AppData\Local\Programs\SiYuan\resources]
    * read only [false]
    * container [std]
    * database [ver=20211124]
    * workspace directory [D:\Users\Caltr\Documents\SiYuan, data 6.5 MB]
    * rsync [D:\Users\Caltr\Documents\SiYuan\temp\rsync\bin\rsync.exe]
    * pandoc [pandoc.exe 2.13]
I 2022/04/26 21:55:42 conf.go:257: local serve path [http://192.168.31.201:6806]
I 2022/04/26 21:55:42 serve.go:68: kernel is booting [http://127.0.0.1:6806]
I 2022/04/26 21:55:44 conf.go:507: pre-init database size [1.0 MB]
I 2022/04/26 21:55:44 index.go:136: use existing database for box [20210808180117-czj9bvb]
I 2022/04/26 21:55:44 index.go:136: use existing database for box [20211207183149-m2c1waq]
I 2022/04/26 21:55:44 index.go:136: use existing database for box [20211207184127-dg0lwpv]
I 2022/04/26 21:55:44 conf.go:523: post-init database size [1.0 MB], tree stat [count=70, size=1.0 MB]
I 2022/04/26 21:55:45 working.go:113: kernel booted
I 2022/04/26 22:46:58 conf.go:359: exited kernel
I 2022/04/27 21:39:07 working.go:95: 
      ___                                   ___           ___           ___
     /  /\        ___           ___        /__/\         /  /\         /__/\
    /  /:/_      /  /\         /__/|       \  \:\       /  /::\        \  \:\
   /  /:/ /\    /  /:/        |  |:|        \  \:\     /  /:/\:\        \  \:\
  /  /:/ /::\  /__/::\        |  |:|    ___  \  \:\   /  /:/~/::\   _____\__\:\
 /__/:/ /:/\:\ \__\/\:\__   __|__|:|   /__/\  \__\:\ /__/:/ /:/\:\ /__/::::::::\
 \  \:\/:/~/:/    \  \:\/\ /__/::::\   \  \:\ /  /:/ \  \:\/:/__\/ \  \:\~~\~~\/
  \  \::/ /:/      \__\::/    ~\~~\:\   \  \:\  /:/   \  \::/       \  \:\  ~~~
   \__\/ /:/       /__/:/       \  \:\   \  \:\/:/     \  \:\        \  \:\
     /__/:/        \__\/         \__\/    \  \::/       \  \:\        \  \:\
     \__\/                                 \__\/         \__\/         \__\/
E 2022/04/27 21:39:07 rsync.go:103: unzip rsync failed: open D:\Users\Caltr\Documents\SiYuan\temp\rsync\bin\rsync.exe: The process cannot access the file because it is being used by another process.
I 2022/04/27 21:39:10 runtime.go:57: kernel is booting:
    * ver [1.5.4]
    * arch [amd64]
    * runtime mode [prod]
    * working directory [D:\Users\Caltr\AppData\Local\Programs\SiYuan\resources]
    * read only [false]
    * container [std]
    * database [ver=20211124]
    * workspace directory [D:\Users\Caltr\Documents\SiYuan, data 6.6 MB]
    * rsync [version 3.2.4dev  protocol version 31]
    * pandoc [pandoc.exe 2.13]
I 2022/04/27 21:39:10 conf.go:257: local serve path [http://192.168.31.201:6806]
I 2022/04/27 21:39:10 serve.go:68: kernel is booting [http://127.0.0.1:6806]
I 2022/04/27 21:39:11 conf.go:507: pre-init database size [1.1 MB]
I 2022/04/27 21:39:11 index.go:136: use existing database for box [20210808180117-czj9bvb]
I 2022/04/27 21:39:11 index.go:136: use existing database for box [20211207183149-m2c1waq]
I 2022/04/27 21:39:11 index.go:136: use existing database for box [20211207184127-dg0lwpv]
I 2022/04/27 21:39:11 conf.go:523: post-init database size [1.1 MB], tree stat [count=71, size=1.0 MB]
I 2022/04/27 21:39:12 working.go:113: kernel booted
E 2022/04/27 21:39:32 rhy.go:42: get version meta info failed: [Get "https://rhythm.b3log.org/version/siyuan?ver=1.5.4": context deadline exceeded (Client.Timeout exceeded while awaiting headers)]
I 2022/04/27 22:35:13 conf.go:359: exited kernel
I 2022/04/28 21:08:07 working.go:95: 
      ___                                   ___           ___           ___
     /  /\        ___           ___        /__/\         /  /\         /__/\
    /  /:/_      /  /\         /__/|       \  \:\       /  /::\        \  \:\
   /  /:/ /\    /  /:/        |  |:|        \  \:\     /  /:/\:\        \  \:\
  /  /:/ /::\  /__/::\        |  |:|    ___  \  \:\   /  /:/~/::\   _____\__\:\
 /__/:/ /:/\:\ \__\/\:\__   __|__|:|   /__/\  \__\:\ /__/:/ /:/\:\ /__/::::::::\
 \  \:\/:/~/:/    \  \:\/\ /__/::::\   \  \:\ /  /:/ \  \:\/:/__\/ \  \:\~~\~~\/
  \  \::/ /:/      \__\::/    ~\~~\:\   \  \:\  /:/   \  \::/       \  \:\  ~~~
   \__\/ /:/       /__/:/       \  \:\   \  \:\/:/     \  \:\        \  \:\
     /__/:/        \__\/         \__\/    \  \::/       \  \:\        \  \:\
     \__\/                                 \__\/         \__\/         \__\/
I 2022/04/28 21:08:09 runtime.go:57: kernel is booting:
    * ver [1.5.4]
    * arch [amd64]
    * runtime mode [prod]
    * working directory [D:\Users\Caltr\AppData\Local\Programs\SiYuan\resources]
    * read only [false]
    * container [std]
    * database [ver=20211124]
    * workspace directory [D:\Users\Caltr\Documents\SiYuan, data 6.7 MB]
    * rsync [version 3.2.4dev  protocol version 31]
    * pandoc [pandoc.exe 2.13]
I 2022/04/28 21:08:09 conf.go:257: local serve path [http://192.168.31.201:6806]
I 2022/04/28 21:08:09 serve.go:68: kernel is booting [http://127.0.0.1:6806]
I 2022/04/28 21:08:10 conf.go:507: pre-init database size [1.1 MB]
I 2022/04/28 21:08:10 index.go:136: use existing database for box [20210808180117-czj9bvb]
I 2022/04/28 21:08:10 index.go:136: use existing database for box [20211207183149-m2c1waq]
I 2022/04/28 21:08:10 index.go:136: use existing database for box [20211207184127-dg0lwpv]
I 2022/04/28 21:08:10 conf.go:523: post-init database size [1.1 MB], tree stat [count=72, size=1.0 MB]
I 2022/04/28 21:08:11 working.go:113: kernel booted
E 2022/04/28 21:46:04 block_query.go:491: query scan field failed: sql: Rows are closed
I 2022/04/28 22:43:48 conf.go:359: exited kernel
